<?xml version="1.0" encoding="UTF-8"?>
<!-- Generated by org.testng.reporters.JUnitXMLReporter -->
<testsuite hostname="GSG1PM-FT0384" ignored="0" name="Regression" tests="1" failures="0" timestamp="28 Mar 2019 06:29:52 GMT" time="0.069" errors="0">
  <testcase name="@BeforeTest setUp1" time="0.0" classname="applicationHandling.Setup">
    <failure type="org.testng.TestNGException" message="
Can inject only one of &amp;lt;ITestContext, XmlTest&amp;gt; into a @BeforeTest annotated setUp1.
For more information on native dependency injection please refer to http://testng.org/doc/documentation-main.html#native-dependency-injection">
      <![CDATA[org.testng.TestNGException: 
Can inject only one of <ITestContext, XmlTest> into a @BeforeTest annotated setUp1.
For more information on native dependency injection please refer to http://testng.org/doc/documentation-main.html#native-dependency-injection
at java.util.concurrent.FutureTask.run(FutureTask.java:266)
at java.util.concurrent.ThreadPoolExecutor.runWorker(ThreadPoolExecutor.java:1149)
at java.util.concurrent.ThreadPoolExecutor$Worker.run(ThreadPoolExecutor.java:624)
at java.lang.Thread.run(Thread.java:748)
... Removed 12 stack frames]]>
    </failure>
  </testcase> <!-- @BeforeTest setUp1 -->
  <testcase name="@AfterTest End" time="0.0" classname="applicationHandling.Setup">
    <skipped/>
  </testcase> <!-- @AfterTest End -->
  <testcase name="loginViaOTP" time="0.0" classname="applicationHandling.Setup">
    <skipped/>
  </testcase> <!-- loginViaOTP -->
</testsuite> <!-- Regression -->
