<?xml version="1.0" encoding="UTF-8"?>
<!-- Generated by org.testng.reporters.JUnitXMLReporter -->
<testsuite hostname="GSG1PM-FT0384" ignored="0" name="Test" tests="2" failures="0" timestamp="28 Mar 2019 06:43:49 GMT" time="0.098" errors="0">
  <testcase name="@BeforeTest setUp1" time="0.0" classname="applicationHandling.Setup">
    <failure type="org.testng.TestNGException" message="
Can inject only one of &amp;lt;ITestContext, XmlTest&amp;gt; into a @BeforeTest annotated setUp1.
For more information on native dependency injection please refer to http://testng.org/doc/documentation-main.html#native-dependency-injection">
      <![CDATA[org.testng.TestNGException: 
Can inject only one of <ITestContext, XmlTest> into a @BeforeTest annotated setUp1.
For more information on native dependency injection please refer to http://testng.org/doc/documentation-main.html#native-dependency-injection
... Removed 21 stack frames]]>
    </failure>
  </testcase> <!-- @BeforeTest setUp1 -->
  <testcase name="@AfterTest End" time="0.0" classname="applicationHandling.Setup">
    <skipped/>
  </testcase> <!-- @AfterTest End -->
  <testcase name="testApp" time="0.0" classname="Package.AppTest">
    <skipped/>
  </testcase> <!-- testApp -->
  <testcase name="loginViaOTP" time="0.0" classname="applicationHandling.Setup">
    <skipped/>
  </testcase> <!-- loginViaOTP -->
</testsuite> <!-- Test -->
