<?xml version="1.0" encoding="UTF-8"?>
<!-- Generated by org.testng.reporters.JUnitXMLReporter -->
<testsuite hostname="GSG1PM-FT0384" ignored="0" name="Emulator2" tests="1" failures="0" timestamp="29 Mar 2019 11:07:50 GMT" time="3.345" errors="0">
  <testcase name="@BeforeTest openApplication" time="3.152" classname="applicationHandling.Setup">
    <failure type="org.openqa.selenium.SessionNotCreatedException" message="Not enough tokens, session not created. (WARNING: The server did not provide any stacktrace information)
Command duration or timeout: 1.78 seconds
Build info: version: &amp;apos;2.46.0&amp;apos;, revision: &amp;apos;61506a4624b13675f24581e453592342b7485d71&amp;apos;, time: &amp;apos;2015-06-04 10:22:50&amp;apos;
System info: host: &amp;apos;GSG1PM-FT0384&amp;apos;, ip: &amp;apos;10.10.23.99&amp;apos;, os.name: &amp;apos;Windows 7&amp;apos;, os.arch: &amp;apos;amd64&amp;apos;, os.version: &amp;apos;6.1&amp;apos;, java.version: &amp;apos;1.8.0_162&amp;apos;
Driver info: io.appium.java_client.android.AndroidDriver">
      <![CDATA[org.openqa.selenium.SessionNotCreatedException: Not enough tokens, session not created. (WARNING: The server did not provide any stacktrace information)
Command duration or timeout: 1.78 seconds
Build info: version: '2.46.0', revision: '61506a4624b13675f24581e453592342b7485d71', time: '2015-06-04 10:22:50'
System info: host: 'GSG1PM-FT0384', ip: '10.10.23.99', os.name: 'Windows 7', os.arch: 'amd64', os.version: '6.1', java.version: '1.8.0_162'
Driver info: io.appium.java_client.android.AndroidDriver
at org.openqa.selenium.remote.ErrorHandler.createThrowable(ErrorHandler.java:204)
at org.openqa.selenium.remote.ErrorHandler.throwIfResponseFailed(ErrorHandler.java:156)
at org.openqa.selenium.remote.RemoteWebDriver.execute(RemoteWebDriver.java:605)
at io.appium.java_client.DefaultGenericMobileDriver.execute(DefaultGenericMobileDriver.java:27)
at io.appium.java_client.AppiumDriver.execute(AppiumDriver.java:1)
at io.appium.java_client.android.AndroidDriver.execute(AndroidDriver.java:1)
at org.openqa.selenium.remote.RemoteWebDriver.startSession(RemoteWebDriver.java:242)
at org.openqa.selenium.remote.RemoteWebDriver.<init>(RemoteWebDriver.java:128)
at org.openqa.selenium.remote.RemoteWebDriver.<init>(RemoteWebDriver.java:155)
at io.appium.java_client.DefaultGenericMobileDriver.<init>(DefaultGenericMobileDriver.java:22)
at io.appium.java_client.AppiumDriver.<init>(AppiumDriver.java:202)
at io.appium.java_client.android.AndroidDriver.<init>(AndroidDriver.java:50)
at applicationHandling.Setup.openApplication(Setup.java:83)
... Removed 28 stack frames]]>
    </failure>
  </testcase> <!-- @BeforeTest openApplication -->
  <testcase name="@AfterTest End" time="0.0" classname="applicationHandling.Setup">
    <skipped/>
  </testcase> <!-- @AfterTest End -->
  <testcase name="loginViaOTP" time="0.0" classname="applicationHandling.Setup">
    <skipped/>
  </testcase> <!-- loginViaOTP -->
</testsuite> <!-- Emulator2 -->
